The system is: Darwin - 17.7.0 - x86_64
Compiling the C compiler identification source file "CMakeCCompilerId.c" succeeded.
Compiler: /Library/Developer/CommandLineTools/usr/bin/cc 
Build flags: 
Id flags:  

The output was:
0


Compilation of the C compiler identification source "CMakeCCompilerId.c" produced "a.out"

The C compiler identification is AppleClang, found in "/Users/isabella/Desktop/MOOCS/UCSD_CSE124/project/cse-proj2/dependencies/src/rpclib/build/CMakeFiles/3.12.3/CompilerIdC/a.out"

Compiling the CXX compiler identification source file "CMakeCXXCompilerId.cpp" succeeded.
Compiler: /Library/Developer/CommandLineTools/usr/bin/c++ 
Build flags: 
Id flags:  

The output was:
0


Compilation of the CXX compiler identification source "CMakeCXXCompilerId.cpp" produced "a.out"

The CXX compiler identification is AppleClang, found in "/Users/isabella/Desktop/MOOCS/UCSD_CSE124/project/cse-proj2/dependencies/src/rpclib/build/CMakeFiles/3.12.3/CompilerIdCXX/a.out"

Determining if the C compiler works passed with the following output:
Change Dir: /Users/isabella/Desktop/MOOCS/UCSD_CSE124/project/cse-proj2/dependencies/src/rpclib/build/CMakeFiles/CMakeTmp

Run Build Command:"/usr/local/bin/gmake" "cmTC_dd1fc/fast"
/usr/local/bin/gmake -f CMakeFiles/cmTC_dd1fc.dir/build.make CMakeFiles/cmTC_dd1fc.dir/build
gmake[1]: Entering directory '/Users/isabella/Desktop/MOOCS/UCSD_CSE124/project/cse-proj2/dependencies/src/rpclib/build/CMakeFiles/CMakeTmp'
Building C object CMakeFiles/cmTC_dd1fc.dir/testCCompiler.c.o
/Library/Developer/CommandLineTools/usr/bin/cc    -o CMakeFiles/cmTC_dd1fc.dir/testCCompiler.c.o   -c /Users/isabella/Desktop/MOOCS/UCSD_CSE124/project/cse-proj2/dependencies/src/rpclib/build/CMakeFiles/CMakeTmp/testCCompiler.c
Linking C executable cmTC_dd1fc
/usr/local/Cellar/cmake/3.12.3/bin/cmake -E cmake_link_script CMakeFiles/cmTC_dd1fc.dir/link.txt --verbose=1
/Library/Developer/CommandLineTools/usr/bin/cc   -Wl,-search_paths_first -Wl,-headerpad_max_install_names   CMakeFiles/cmTC_dd1fc.dir/testCCompiler.c.o  -o cmTC_dd1fc 
gmake[1]: Leaving directory '/Users/isabella/Desktop/MOOCS/UCSD_CSE124/project/cse-proj2/dependencies/src/rpclib/build/CMakeFiles/CMakeTmp'


Detecting C compiler ABI info compiled with the following output:
Change Dir: /Users/isabella/Desktop/MOOCS/UCSD_CSE124/project/cse-proj2/dependencies/src/rpclib/build/CMakeFiles/CMakeTmp

Run Build Command:"/usr/local/bin/gmake" "cmTC_0560d/fast"
/usr/local/bin/gmake -f CMakeFiles/cmTC_0560d.dir/build.make CMakeFiles/cmTC_0560d.dir/build
gmake[1]: Entering directory '/Users/isabella/Desktop/MOOCS/UCSD_CSE124/project/cse-proj2/dependencies/src/rpclib/build/CMakeFiles/CMakeTmp'
Building C object CMakeFiles/cmTC_0560d.dir/CMakeCCompilerABI.c.o
/Library/Developer/CommandLineTools/usr/bin/cc    -o CMakeFiles/cmTC_0560d.dir/CMakeCCompilerABI.c.o   -c /usr/local/Cellar/cmake/3.12.3/share/cmake/Modules/CMakeCCompilerABI.c
Linking C executable cmTC_0560d
/usr/local/Cellar/cmake/3.12.3/bin/cmake -E cmake_link_script CMakeFiles/cmTC_0560d.dir/link.txt --verbose=1
/Library/Developer/CommandLineTools/usr/bin/cc   -Wl,-search_paths_first -Wl,-headerpad_max_install_names  -v -Wl,-v CMakeFiles/cmTC_0560d.dir/CMakeCCompilerABI.c.o  -o cmTC_0560d 
Apple LLVM version 10.0.0 (clang-1000.10.44.4)
Target: x86_64-apple-darwin17.7.0
Thread model: posix
InstalledDir: /Library/Developer/CommandLineTools/usr/bin
 "/Library/Developer/CommandLineTools/usr/bin/ld" -demangle -lto_library /Library/Developer/CommandLineTools/usr/lib/libLTO.dylib -dynamic -arch x86_64 -macosx_version_min 10.13.0 -o cmTC_0560d -search_paths_first -headerpad_max_install_names -v CMakeFiles/cmTC_0560d.dir/CMakeCCompilerABI.c.o -lSystem /Library/Developer/CommandLineTools/usr/lib/clang/10.0.0/lib/darwin/libclang_rt.osx.a
@(#)PROGRAM:ld  PROJECT:ld64-409.12
BUILD 17:47:51 Sep 25 2018
configured to support archs: armv6 armv7 armv7s arm64 i386 x86_64 x86_64h armv6m armv7k armv7m armv7em
Library search paths:
	/usr/lib
	/usr/local/lib
Framework search paths:
	/Library/Frameworks/
	/System/Library/Frameworks/
gmake[1]: Leaving directory '/Users/isabella/Desktop/MOOCS/UCSD_CSE124/project/cse-proj2/dependencies/src/rpclib/build/CMakeFiles/CMakeTmp'


Parsed C implicit link information from above output:
  link line regex: [^( *|.*[/\])(ld|CMAKE_LINK_STARTFILE-NOTFOUND|([^/\]+-)?ld|collect2)[^/\]*( |$)]
  ignore line: [Change Dir: /Users/isabella/Desktop/MOOCS/UCSD_CSE124/project/cse-proj2/dependencies/src/rpclib/build/CMakeFiles/CMakeTmp]
  ignore line: []
  ignore line: [Run Build Command:"/usr/local/bin/gmake" "cmTC_0560d/fast"]
  ignore line: [/usr/local/bin/gmake -f CMakeFiles/cmTC_0560d.dir/build.make CMakeFiles/cmTC_0560d.dir/build]
  ignore line: [gmake[1]: Entering directory '/Users/isabella/Desktop/MOOCS/UCSD_CSE124/project/cse-proj2/dependencies/src/rpclib/build/CMakeFiles/CMakeTmp']
  ignore line: [Building C object CMakeFiles/cmTC_0560d.dir/CMakeCCompilerABI.c.o]
  ignore line: [/Library/Developer/CommandLineTools/usr/bin/cc    -o CMakeFiles/cmTC_0560d.dir/CMakeCCompilerABI.c.o   -c /usr/local/Cellar/cmake/3.12.3/share/cmake/Modules/CMakeCCompilerABI.c]
  ignore line: [Linking C executable cmTC_0560d]
  ignore line: [/usr/local/Cellar/cmake/3.12.3/bin/cmake -E cmake_link_script CMakeFiles/cmTC_0560d.dir/link.txt --verbose=1]
  ignore line: [/Library/Developer/CommandLineTools/usr/bin/cc   -Wl,-search_paths_first -Wl,-headerpad_max_install_names  -v -Wl,-v CMakeFiles/cmTC_0560d.dir/CMakeCCompilerABI.c.o  -o cmTC_0560d ]
  ignore line: [Apple LLVM version 10.0.0 (clang-1000.10.44.4)]
  ignore line: [Target: x86_64-apple-darwin17.7.0]
  ignore line: [Thread model: posix]
  ignore line: [InstalledDir: /Library/Developer/CommandLineTools/usr/bin]
  link line: [ "/Library/Developer/CommandLineTools/usr/bin/ld" -demangle -lto_library /Library/Developer/CommandLineTools/usr/lib/libLTO.dylib -dynamic -arch x86_64 -macosx_version_min 10.13.0 -o cmTC_0560d -search_paths_first -headerpad_max_install_names -v CMakeFiles/cmTC_0560d.dir/CMakeCCompilerABI.c.o -lSystem /Library/Developer/CommandLineTools/usr/lib/clang/10.0.0/lib/darwin/libclang_rt.osx.a]
    arg [/Library/Developer/CommandLineTools/usr/bin/ld] ==> ignore
    arg [-demangle] ==> ignore
    arg [-lto_library] ==> ignore, skip following value
    arg [/Library/Developer/CommandLineTools/usr/lib/libLTO.dylib] ==> skip value of -lto_library
    arg [-dynamic] ==> ignore
    arg [-arch] ==> ignore
    arg [x86_64] ==> ignore
    arg [-macosx_version_min] ==> ignore
    arg [10.13.0] ==> ignore
    arg [-o] ==> ignore
    arg [cmTC_0560d] ==> ignore
    arg [-search_paths_first] ==> ignore
    arg [-headerpad_max_install_names] ==> ignore
    arg [-v] ==> ignore
    arg [CMakeFiles/cmTC_0560d.dir/CMakeCCompilerABI.c.o] ==> ignore
    arg [-lSystem] ==> lib [System]
    arg [/Library/Developer/CommandLineTools/usr/lib/clang/10.0.0/lib/darwin/libclang_rt.osx.a] ==> lib [/Library/Developer/CommandLineTools/usr/lib/clang/10.0.0/lib/darwin/libclang_rt.osx.a]
  Library search paths: [;/usr/lib;/usr/local/lib]
  Framework search paths: [;/Library/Frameworks/;/System/Library/Frameworks/]
  remove lib [System]
  remove lib [/Library/Developer/CommandLineTools/usr/lib/clang/10.0.0/lib/darwin/libclang_rt.osx.a]
  collapse library dir [/usr/lib] ==> [/usr/lib]
  collapse library dir [/usr/local/lib] ==> [/usr/local/lib]
  collapse framework dir [/Library/Frameworks/] ==> [/Library/Frameworks]
  collapse framework dir [/System/Library/Frameworks/] ==> [/System/Library/Frameworks]
  implicit libs: []
  implicit dirs: [/usr/lib;/usr/local/lib]
  implicit fwks: [/Library/Frameworks;/System/Library/Frameworks]




Detecting C [-std=c11] compiler features compiled with the following output:
Change Dir: /Users/isabella/Desktop/MOOCS/UCSD_CSE124/project/cse-proj2/dependencies/src/rpclib/build/CMakeFiles/CMakeTmp

Run Build Command:"/usr/local/bin/gmake" "cmTC_c1c93/fast"
/usr/local/bin/gmake -f CMakeFiles/cmTC_c1c93.dir/build.make CMakeFiles/cmTC_c1c93.dir/build
gmake[1]: Entering directory '/Users/isabella/Desktop/MOOCS/UCSD_CSE124/project/cse-proj2/dependencies/src/rpclib/build/CMakeFiles/CMakeTmp'
Building C object CMakeFiles/cmTC_c1c93.dir/feature_tests.c.o
/Library/Developer/CommandLineTools/usr/bin/cc   -std=c11 -o CMakeFiles/cmTC_c1c93.dir/feature_tests.c.o   -c /Users/isabella/Desktop/MOOCS/UCSD_CSE124/project/cse-proj2/dependencies/src/rpclib/build/CMakeFiles/feature_tests.c
Linking C executable cmTC_c1c93
/usr/local/Cellar/cmake/3.12.3/bin/cmake -E cmake_link_script CMakeFiles/cmTC_c1c93.dir/link.txt --verbose=1
/Library/Developer/CommandLineTools/usr/bin/cc   -Wl,-search_paths_first -Wl,-headerpad_max_install_names   CMakeFiles/cmTC_c1c93.dir/feature_tests.c.o  -o cmTC_c1c93 
gmake[1]: Leaving directory '/Users/isabella/Desktop/MOOCS/UCSD_CSE124/project/cse-proj2/dependencies/src/rpclib/build/CMakeFiles/CMakeTmp'


    Feature record: C_FEATURE:1c_function_prototypes
    Feature record: C_FEATURE:1c_restrict
    Feature record: C_FEATURE:1c_static_assert
    Feature record: C_FEATURE:1c_variadic_macros


Detecting C [-std=c99] compiler features compiled with the following output:
Change Dir: /Users/isabella/Desktop/MOOCS/UCSD_CSE124/project/cse-proj2/dependencies/src/rpclib/build/CMakeFiles/CMakeTmp

Run Build Command:"/usr/local/bin/gmake" "cmTC_a2767/fast"
/usr/local/bin/gmake -f CMakeFiles/cmTC_a2767.dir/build.make CMakeFiles/cmTC_a2767.dir/build
gmake[1]: Entering directory '/Users/isabella/Desktop/MOOCS/UCSD_CSE124/project/cse-proj2/dependencies/src/rpclib/build/CMakeFiles/CMakeTmp'
Building C object CMakeFiles/cmTC_a2767.dir/feature_tests.c.o
/Library/Developer/CommandLineTools/usr/bin/cc   -std=c99 -o CMakeFiles/cmTC_a2767.dir/feature_tests.c.o   -c /Users/isabella/Desktop/MOOCS/UCSD_CSE124/project/cse-proj2/dependencies/src/rpclib/build/CMakeFiles/feature_tests.c
Linking C executable cmTC_a2767
/usr/local/Cellar/cmake/3.12.3/bin/cmake -E cmake_link_script CMakeFiles/cmTC_a2767.dir/link.txt --verbose=1
/Library/Developer/CommandLineTools/usr/bin/cc   -Wl,-search_paths_first -Wl,-headerpad_max_install_names   CMakeFiles/cmTC_a2767.dir/feature_tests.c.o  -o cmTC_a2767 
gmake[1]: Leaving directory '/Users/isabella/Desktop/MOOCS/UCSD_CSE124/project/cse-proj2/dependencies/src/rpclib/build/CMakeFiles/CMakeTmp'


    Feature record: C_FEATURE:1c_function_prototypes
    Feature record: C_FEATURE:1c_restrict
    Feature record: C_FEATURE:0c_static_assert
    Feature record: C_FEATURE:1c_variadic_macros


Detecting C [-std=c90] compiler features compiled with the following output:
Change Dir: /Users/isabella/Desktop/MOOCS/UCSD_CSE124/project/cse-proj2/dependencies/src/rpclib/build/CMakeFiles/CMakeTmp

Run Build Command:"/usr/local/bin/gmake" "cmTC_8180d/fast"
/usr/local/bin/gmake -f CMakeFiles/cmTC_8180d.dir/build.make CMakeFiles/cmTC_8180d.dir/build
gmake[1]: Entering directory '/Users/isabella/Desktop/MOOCS/UCSD_CSE124/project/cse-proj2/dependencies/src/rpclib/build/CMakeFiles/CMakeTmp'
Building C object CMakeFiles/cmTC_8180d.dir/feature_tests.c.o
/Library/Developer/CommandLineTools/usr/bin/cc   -std=c90 -o CMakeFiles/cmTC_8180d.dir/feature_tests.c.o   -c /Users/isabella/Desktop/MOOCS/UCSD_CSE124/project/cse-proj2/dependencies/src/rpclib/build/CMakeFiles/feature_tests.c
Linking C executable cmTC_8180d
/usr/local/Cellar/cmake/3.12.3/bin/cmake -E cmake_link_script CMakeFiles/cmTC_8180d.dir/link.txt --verbose=1
/Library/Developer/CommandLineTools/usr/bin/cc   -Wl,-search_paths_first -Wl,-headerpad_max_install_names   CMakeFiles/cmTC_8180d.dir/feature_tests.c.o  -o cmTC_8180d 
gmake[1]: Leaving directory '/Users/isabella/Desktop/MOOCS/UCSD_CSE124/project/cse-proj2/dependencies/src/rpclib/build/CMakeFiles/CMakeTmp'


    Feature record: C_FEATURE:1c_function_prototypes
    Feature record: C_FEATURE:0c_restrict
    Feature record: C_FEATURE:0c_static_assert
    Feature record: C_FEATURE:0c_variadic_macros
Determining if the CXX compiler works passed with the following output:
Change Dir: /Users/isabella/Desktop/MOOCS/UCSD_CSE124/project/cse-proj2/dependencies/src/rpclib/build/CMakeFiles/CMakeTmp

Run Build Command:"/usr/local/bin/gmake" "cmTC_2f7c3/fast"
/usr/local/bin/gmake -f CMakeFiles/cmTC_2f7c3.dir/build.make CMakeFiles/cmTC_2f7c3.dir/build
gmake[1]: Entering directory '/Users/isabella/Desktop/MOOCS/UCSD_CSE124/project/cse-proj2/dependencies/src/rpclib/build/CMakeFiles/CMakeTmp'
Building CXX object CMakeFiles/cmTC_2f7c3.dir/testCXXCompiler.cxx.o
/Library/Developer/CommandLineTools/usr/bin/c++     -o CMakeFiles/cmTC_2f7c3.dir/testCXXCompiler.cxx.o -c /Users/isabella/Desktop/MOOCS/UCSD_CSE124/project/cse-proj2/dependencies/src/rpclib/build/CMakeFiles/CMakeTmp/testCXXCompiler.cxx
Linking CXX executable cmTC_2f7c3
/usr/local/Cellar/cmake/3.12.3/bin/cmake -E cmake_link_script CMakeFiles/cmTC_2f7c3.dir/link.txt --verbose=1
/Library/Developer/CommandLineTools/usr/bin/c++    -Wl,-search_paths_first -Wl,-headerpad_max_install_names   CMakeFiles/cmTC_2f7c3.dir/testCXXCompiler.cxx.o  -o cmTC_2f7c3 
gmake[1]: Leaving directory '/Users/isabella/Desktop/MOOCS/UCSD_CSE124/project/cse-proj2/dependencies/src/rpclib/build/CMakeFiles/CMakeTmp'


Detecting CXX compiler ABI info compiled with the following output:
Change Dir: /Users/isabella/Desktop/MOOCS/UCSD_CSE124/project/cse-proj2/dependencies/src/rpclib/build/CMakeFiles/CMakeTmp

Run Build Command:"/usr/local/bin/gmake" "cmTC_236a2/fast"
/usr/local/bin/gmake -f CMakeFiles/cmTC_236a2.dir/build.make CMakeFiles/cmTC_236a2.dir/build
gmake[1]: Entering directory '/Users/isabella/Desktop/MOOCS/UCSD_CSE124/project/cse-proj2/dependencies/src/rpclib/build/CMakeFiles/CMakeTmp'
Building CXX object CMakeFiles/cmTC_236a2.dir/CMakeCXXCompilerABI.cpp.o
/Library/Developer/CommandLineTools/usr/bin/c++     -o CMakeFiles/cmTC_236a2.dir/CMakeCXXCompilerABI.cpp.o -c /usr/local/Cellar/cmake/3.12.3/share/cmake/Modules/CMakeCXXCompilerABI.cpp
Linking CXX executable cmTC_236a2
/usr/local/Cellar/cmake/3.12.3/bin/cmake -E cmake_link_script CMakeFiles/cmTC_236a2.dir/link.txt --verbose=1
/Library/Developer/CommandLineTools/usr/bin/c++    -Wl,-search_paths_first -Wl,-headerpad_max_install_names  -v -Wl,-v CMakeFiles/cmTC_236a2.dir/CMakeCXXCompilerABI.cpp.o  -o cmTC_236a2 
Apple LLVM version 10.0.0 (clang-1000.10.44.4)
Target: x86_64-apple-darwin17.7.0
Thread model: posix
InstalledDir: /Library/Developer/CommandLineTools/usr/bin
 "/Library/Developer/CommandLineTools/usr/bin/ld" -demangle -lto_library /Library/Developer/CommandLineTools/usr/lib/libLTO.dylib -dynamic -arch x86_64 -macosx_version_min 10.13.0 -o cmTC_236a2 -search_paths_first -headerpad_max_install_names -v CMakeFiles/cmTC_236a2.dir/CMakeCXXCompilerABI.cpp.o -lc++ -lSystem /Library/Developer/CommandLineTools/usr/lib/clang/10.0.0/lib/darwin/libclang_rt.osx.a
@(#)PROGRAM:ld  PROJECT:ld64-409.12
BUILD 17:47:51 Sep 25 2018
configured to support archs: armv6 armv7 armv7s arm64 i386 x86_64 x86_64h armv6m armv7k armv7m armv7em
Library search paths:
	/usr/lib
	/usr/local/lib
Framework search paths:
	/Library/Frameworks/
	/System/Library/Frameworks/
gmake[1]: Leaving directory '/Users/isabella/Desktop/MOOCS/UCSD_CSE124/project/cse-proj2/dependencies/src/rpclib/build/CMakeFiles/CMakeTmp'


Parsed CXX implicit link information from above output:
  link line regex: [^( *|.*[/\])(ld|CMAKE_LINK_STARTFILE-NOTFOUND|([^/\]+-)?ld|collect2)[^/\]*( |$)]
  ignore line: [Change Dir: /Users/isabella/Desktop/MOOCS/UCSD_CSE124/project/cse-proj2/dependencies/src/rpclib/build/CMakeFiles/CMakeTmp]
  ignore line: []
  ignore line: [Run Build Command:"/usr/local/bin/gmake" "cmTC_236a2/fast"]
  ignore line: [/usr/local/bin/gmake -f CMakeFiles/cmTC_236a2.dir/build.make CMakeFiles/cmTC_236a2.dir/build]
  ignore line: [gmake[1]: Entering directory '/Users/isabella/Desktop/MOOCS/UCSD_CSE124/project/cse-proj2/dependencies/src/rpclib/build/CMakeFiles/CMakeTmp']
  ignore line: [Building CXX object CMakeFiles/cmTC_236a2.dir/CMakeCXXCompilerABI.cpp.o]
  ignore line: [/Library/Developer/CommandLineTools/usr/bin/c++     -o CMakeFiles/cmTC_236a2.dir/CMakeCXXCompilerABI.cpp.o -c /usr/local/Cellar/cmake/3.12.3/share/cmake/Modules/CMakeCXXCompilerABI.cpp]
  ignore line: [Linking CXX executable cmTC_236a2]
  ignore line: [/usr/local/Cellar/cmake/3.12.3/bin/cmake -E cmake_link_script CMakeFiles/cmTC_236a2.dir/link.txt --verbose=1]
  ignore line: [/Library/Developer/CommandLineTools/usr/bin/c++    -Wl,-search_paths_first -Wl,-headerpad_max_install_names  -v -Wl,-v CMakeFiles/cmTC_236a2.dir/CMakeCXXCompilerABI.cpp.o  -o cmTC_236a2 ]
  ignore line: [Apple LLVM version 10.0.0 (clang-1000.10.44.4)]
  ignore line: [Target: x86_64-apple-darwin17.7.0]
  ignore line: [Thread model: posix]
  ignore line: [InstalledDir: /Library/Developer/CommandLineTools/usr/bin]
  link line: [ "/Library/Developer/CommandLineTools/usr/bin/ld" -demangle -lto_library /Library/Developer/CommandLineTools/usr/lib/libLTO.dylib -dynamic -arch x86_64 -macosx_version_min 10.13.0 -o cmTC_236a2 -search_paths_first -headerpad_max_install_names -v CMakeFiles/cmTC_236a2.dir/CMakeCXXCompilerABI.cpp.o -lc++ -lSystem /Library/Developer/CommandLineTools/usr/lib/clang/10.0.0/lib/darwin/libclang_rt.osx.a]
    arg [/Library/Developer/CommandLineTools/usr/bin/ld] ==> ignore
    arg [-demangle] ==> ignore
    arg [-lto_library] ==> ignore, skip following value
    arg [/Library/Developer/CommandLineTools/usr/lib/libLTO.dylib] ==> skip value of -lto_library
    arg [-dynamic] ==> ignore
    arg [-arch] ==> ignore
    arg [x86_64] ==> ignore
    arg [-macosx_version_min] ==> ignore
    arg [10.13.0] ==> ignore
    arg [-o] ==> ignore
    arg [cmTC_236a2] ==> ignore
    arg [-search_paths_first] ==> ignore
    arg [-headerpad_max_install_names] ==> ignore
    arg [-v] ==> ignore
    arg [CMakeFiles/cmTC_236a2.dir/CMakeCXXCompilerABI.cpp.o] ==> ignore
    arg [-lc++] ==> lib [c++]
    arg [-lSystem] ==> lib [System]
    arg [/Library/Developer/CommandLineTools/usr/lib/clang/10.0.0/lib/darwin/libclang_rt.osx.a] ==> lib [/Library/Developer/CommandLineTools/usr/lib/clang/10.0.0/lib/darwin/libclang_rt.osx.a]
  Library search paths: [;/usr/lib;/usr/local/lib]
  Framework search paths: [;/Library/Frameworks/;/System/Library/Frameworks/]
  remove lib [System]
  remove lib [/Library/Developer/CommandLineTools/usr/lib/clang/10.0.0/lib/darwin/libclang_rt.osx.a]
  collapse library dir [/usr/lib] ==> [/usr/lib]
  collapse library dir [/usr/local/lib] ==> [/usr/local/lib]
  collapse framework dir [/Library/Frameworks/] ==> [/Library/Frameworks]
  collapse framework dir [/System/Library/Frameworks/] ==> [/System/Library/Frameworks]
  implicit libs: [c++]
  implicit dirs: [/usr/lib;/usr/local/lib]
  implicit fwks: [/Library/Frameworks;/System/Library/Frameworks]




Detecting CXX [-std=c++1z] compiler features compiled with the following output:
Change Dir: /Users/isabella/Desktop/MOOCS/UCSD_CSE124/project/cse-proj2/dependencies/src/rpclib/build/CMakeFiles/CMakeTmp

Run Build Command:"/usr/local/bin/gmake" "cmTC_53192/fast"
/usr/local/bin/gmake -f CMakeFiles/cmTC_53192.dir/build.make CMakeFiles/cmTC_53192.dir/build
gmake[1]: Entering directory '/Users/isabella/Desktop/MOOCS/UCSD_CSE124/project/cse-proj2/dependencies/src/rpclib/build/CMakeFiles/CMakeTmp'
Building CXX object CMakeFiles/cmTC_53192.dir/feature_tests.cxx.o
/Library/Developer/CommandLineTools/usr/bin/c++    -std=c++1z -o CMakeFiles/cmTC_53192.dir/feature_tests.cxx.o -c /Users/isabella/Desktop/MOOCS/UCSD_CSE124/project/cse-proj2/dependencies/src/rpclib/build/CMakeFiles/feature_tests.cxx
Linking CXX executable cmTC_53192
/usr/local/Cellar/cmake/3.12.3/bin/cmake -E cmake_link_script CMakeFiles/cmTC_53192.dir/link.txt --verbose=1
/Library/Developer/CommandLineTools/usr/bin/c++    -Wl,-search_paths_first -Wl,-headerpad_max_install_names   CMakeFiles/cmTC_53192.dir/feature_tests.cxx.o  -o cmTC_53192 
gmake[1]: Leaving directory '/Users/isabella/Desktop/MOOCS/UCSD_CSE124/project/cse-proj2/dependencies/src/rpclib/build/CMakeFiles/CMakeTmp'


    Feature record: CXX_FEATURE:1cxx_aggregate_default_initializers
    Feature record: CXX_FEATURE:1cxx_alias_templates
    Feature record: CXX_FEATURE:1cxx_alignas
    Feature record: CXX_FEATURE:1cxx_alignof
    Feature record: CXX_FEATURE:1cxx_attributes
    Feature record: CXX_FEATURE:1cxx_attribute_deprecated
    Feature record: CXX_FEATURE:1cxx_auto_type
    Feature record: CXX_FEATURE:1cxx_binary_literals
    Feature record: CXX_FEATURE:1cxx_constexpr
    Feature record: CXX_FEATURE:1cxx_contextual_conversions
    Feature record: CXX_FEATURE:1cxx_decltype
    Feature record: CXX_FEATURE:1cxx_decltype_auto
    Feature record: CXX_FEATURE:1cxx_decltype_incomplete_return_types
    Feature record: CXX_FEATURE:1cxx_default_function_template_args
    Feature record: CXX_FEATURE:1cxx_defaulted_functions
    Feature record: CXX_FEATURE:1cxx_defaulted_move_initializers
    Feature record: CXX_FEATURE:1cxx_delegating_constructors
    Feature record: CXX_FEATURE:1cxx_deleted_functions
    Feature record: CXX_FEATURE:1cxx_digit_separators
    Feature record: CXX_FEATURE:1cxx_enum_forward_declarations
    Feature record: CXX_FEATURE:1cxx_explicit_conversions
    Feature record: CXX_FEATURE:1cxx_extended_friend_declarations
    Feature record: CXX_FEATURE:1cxx_extern_templates
    Feature record: CXX_FEATURE:1cxx_final
    Feature record: CXX_FEATURE:1cxx_func_identifier
    Feature record: CXX_FEATURE:1cxx_generalized_initializers
    Feature record: CXX_FEATURE:1cxx_generic_lambdas
    Feature record: CXX_FEATURE:1cxx_inheriting_constructors
    Feature record: CXX_FEATURE:1cxx_inline_namespaces
    Feature record: CXX_FEATURE:1cxx_lambdas
    Feature record: CXX_FEATURE:1cxx_lambda_init_captures
    Feature record: CXX_FEATURE:1cxx_local_type_template_args
    Feature record: CXX_FEATURE:1cxx_long_long_type
    Feature record: CXX_FEATURE:1cxx_noexcept
    Feature record: CXX_FEATURE:1cxx_nonstatic_member_init
    Feature record: CXX_FEATURE:1cxx_nullptr
    Feature record: CXX_FEATURE:1cxx_override
    Feature record: CXX_FEATURE:1cxx_range_for
    Feature record: CXX_FEATURE:1cxx_raw_string_literals
    Feature record: CXX_FEATURE:1cxx_reference_qualified_functions
    Feature record: CXX_FEATURE:1cxx_relaxed_constexpr
    Feature record: CXX_FEATURE:1cxx_return_type_deduction
    Feature record: CXX_FEATURE:1cxx_right_angle_brackets
    Feature record: CXX_FEATURE:1cxx_rvalue_references
    Feature record: CXX_FEATURE:1cxx_sizeof_member
    Feature record: CXX_FEATURE:1cxx_static_assert
    Feature record: CXX_FEATURE:1cxx_strong_enums
    Feature record: CXX_FEATURE:1cxx_template_template_parameters
    Feature record: CXX_FEATURE:1cxx_thread_local
    Feature record: CXX_FEATURE:1cxx_trailing_return_types
    Feature record: CXX_FEATURE:1cxx_unicode_literals
    Feature record: CXX_FEATURE:1cxx_uniform_initialization
    Feature record: CXX_FEATURE:1cxx_unrestricted_unions
    Feature record: CXX_FEATURE:1cxx_user_literals
    Feature record: CXX_FEATURE:1cxx_variable_templates
    Feature record: CXX_FEATURE:1cxx_variadic_macros
    Feature record: CXX_FEATURE:1cxx_variadic_templates


Detecting CXX [-std=c++14] compiler features compiled with the following output:
Change Dir: /Users/isabella/Desktop/MOOCS/UCSD_CSE124/project/cse-proj2/dependencies/src/rpclib/build/CMakeFiles/CMakeTmp

Run Build Command:"/usr/local/bin/gmake" "cmTC_300b3/fast"
/usr/local/bin/gmake -f CMakeFiles/cmTC_300b3.dir/build.make CMakeFiles/cmTC_300b3.dir/build
gmake[1]: Entering directory '/Users/isabella/Desktop/MOOCS/UCSD_CSE124/project/cse-proj2/dependencies/src/rpclib/build/CMakeFiles/CMakeTmp'
Building CXX object CMakeFiles/cmTC_300b3.dir/feature_tests.cxx.o
/Library/Developer/CommandLineTools/usr/bin/c++    -std=c++14 -o CMakeFiles/cmTC_300b3.dir/feature_tests.cxx.o -c /Users/isabella/Desktop/MOOCS/UCSD_CSE124/project/cse-proj2/dependencies/src/rpclib/build/CMakeFiles/feature_tests.cxx
Linking CXX executable cmTC_300b3
/usr/local/Cellar/cmake/3.12.3/bin/cmake -E cmake_link_script CMakeFiles/cmTC_300b3.dir/link.txt --verbose=1
/Library/Developer/CommandLineTools/usr/bin/c++    -Wl,-search_paths_first -Wl,-headerpad_max_install_names   CMakeFiles/cmTC_300b3.dir/feature_tests.cxx.o  -o cmTC_300b3 
gmake[1]: Leaving directory '/Users/isabella/Desktop/MOOCS/UCSD_CSE124/project/cse-proj2/dependencies/src/rpclib/build/CMakeFiles/CMakeTmp'


    Feature record: CXX_FEATURE:1cxx_aggregate_default_initializers
    Feature record: CXX_FEATURE:1cxx_alias_templates
    Feature record: CXX_FEATURE:1cxx_alignas
    Feature record: CXX_FEATURE:1cxx_alignof
    Feature record: CXX_FEATURE:1cxx_attributes
    Feature record: CXX_FEATURE:1cxx_attribute_deprecated
    Feature record: CXX_FEATURE:1cxx_auto_type
    Feature record: CXX_FEATURE:1cxx_binary_literals
    Feature record: CXX_FEATURE:1cxx_constexpr
    Feature record: CXX_FEATURE:1cxx_contextual_conversions
    Feature record: CXX_FEATURE:1cxx_decltype
    Feature record: CXX_FEATURE:1cxx_decltype_auto
    Feature record: CXX_FEATURE:1cxx_decltype_incomplete_return_types
    Feature record: CXX_FEATURE:1cxx_default_function_template_args
    Feature record: CXX_FEATURE:1cxx_defaulted_functions
    Feature record: CXX_FEATURE:1cxx_defaulted_move_initializers
    Feature record: CXX_FEATURE:1cxx_delegating_constructors
    Feature record: CXX_FEATURE:1cxx_deleted_functions
    Feature record: CXX_FEATURE:1cxx_digit_separators
    Feature record: CXX_FEATURE:1cxx_enum_forward_declarations
    Feature record: CXX_FEATURE:1cxx_explicit_conversions
    Feature record: CXX_FEATURE:1cxx_extended_friend_declarations
    Feature record: CXX_FEATURE:1cxx_extern_templates
    Feature record: CXX_FEATURE:1cxx_final
    Feature record: CXX_FEATURE:1cxx_func_identifier
    Feature record: CXX_FEATURE:1cxx_generalized_initializers
    Feature record: CXX_FEATURE:1cxx_generic_lambdas
    Feature record: CXX_FEATURE:1cxx_inheriting_constructors
    Feature record: CXX_FEATURE:1cxx_inline_namespaces
    Feature record: CXX_FEATURE:1cxx_lambdas
    Feature record: CXX_FEATURE:1cxx_lambda_init_captures
    Feature record: CXX_FEATURE:1cxx_local_type_template_args
    Feature record: CXX_FEATURE:1cxx_long_long_type
    Feature record: CXX_FEATURE:1cxx_noexcept
    Feature record: CXX_FEATURE:1cxx_nonstatic_member_init
    Feature record: CXX_FEATURE:1cxx_nullptr
    Feature record: CXX_FEATURE:1cxx_override
    Feature record: CXX_FEATURE:1cxx_range_for
    Feature record: CXX_FEATURE:1cxx_raw_string_literals
    Feature record: CXX_FEATURE:1cxx_reference_qualified_functions
    Feature record: CXX_FEATURE:1cxx_relaxed_constexpr
    Feature record: CXX_FEATURE:1cxx_return_type_deduction
    Feature record: CXX_FEATURE:1cxx_right_angle_brackets
    Feature record: CXX_FEATURE:1cxx_rvalue_references
    Feature record: CXX_FEATURE:1cxx_sizeof_member
    Feature record: CXX_FEATURE:1cxx_static_assert
    Feature record: CXX_FEATURE:1cxx_strong_enums
    Feature record: CXX_FEATURE:1cxx_template_template_parameters
    Feature record: CXX_FEATURE:1cxx_thread_local
    Feature record: CXX_FEATURE:1cxx_trailing_return_types
    Feature record: CXX_FEATURE:1cxx_unicode_literals
    Feature record: CXX_FEATURE:1cxx_uniform_initialization
    Feature record: CXX_FEATURE:1cxx_unrestricted_unions
    Feature record: CXX_FEATURE:1cxx_user_literals
    Feature record: CXX_FEATURE:1cxx_variable_templates
    Feature record: CXX_FEATURE:1cxx_variadic_macros
    Feature record: CXX_FEATURE:1cxx_variadic_templates


Detecting CXX [-std=c++11] compiler features compiled with the following output:
Change Dir: /Users/isabella/Desktop/MOOCS/UCSD_CSE124/project/cse-proj2/dependencies/src/rpclib/build/CMakeFiles/CMakeTmp

Run Build Command:"/usr/local/bin/gmake" "cmTC_0c0e4/fast"
/usr/local/bin/gmake -f CMakeFiles/cmTC_0c0e4.dir/build.make CMakeFiles/cmTC_0c0e4.dir/build
gmake[1]: Entering directory '/Users/isabella/Desktop/MOOCS/UCSD_CSE124/project/cse-proj2/dependencies/src/rpclib/build/CMakeFiles/CMakeTmp'
Building CXX object CMakeFiles/cmTC_0c0e4.dir/feature_tests.cxx.o
/Library/Developer/CommandLineTools/usr/bin/c++    -std=c++11 -o CMakeFiles/cmTC_0c0e4.dir/feature_tests.cxx.o -c /Users/isabella/Desktop/MOOCS/UCSD_CSE124/project/cse-proj2/dependencies/src/rpclib/build/CMakeFiles/feature_tests.cxx
Linking CXX executable cmTC_0c0e4
/usr/local/Cellar/cmake/3.12.3/bin/cmake -E cmake_link_script CMakeFiles/cmTC_0c0e4.dir/link.txt --verbose=1
/Library/Developer/CommandLineTools/usr/bin/c++    -Wl,-search_paths_first -Wl,-headerpad_max_install_names   CMakeFiles/cmTC_0c0e4.dir/feature_tests.cxx.o  -o cmTC_0c0e4 
gmake[1]: Leaving directory '/Users/isabella/Desktop/MOOCS/UCSD_CSE124/project/cse-proj2/dependencies/src/rpclib/build/CMakeFiles/CMakeTmp'


    Feature record: CXX_FEATURE:0cxx_aggregate_default_initializers
    Feature record: CXX_FEATURE:1cxx_alias_templates
    Feature record: CXX_FEATURE:1cxx_alignas
    Feature record: CXX_FEATURE:1cxx_alignof
    Feature record: CXX_FEATURE:1cxx_attributes
    Feature record: CXX_FEATURE:0cxx_attribute_deprecated
    Feature record: CXX_FEATURE:1cxx_auto_type
    Feature record: CXX_FEATURE:0cxx_binary_literals
    Feature record: CXX_FEATURE:1cxx_constexpr
    Feature record: CXX_FEATURE:0cxx_contextual_conversions
    Feature record: CXX_FEATURE:1cxx_decltype
    Feature record: CXX_FEATURE:0cxx_decltype_auto
    Feature record: CXX_FEATURE:1cxx_decltype_incomplete_return_types
    Feature record: CXX_FEATURE:1cxx_default_function_template_args
    Feature record: CXX_FEATURE:1cxx_defaulted_functions
    Feature record: CXX_FEATURE:1cxx_defaulted_move_initializers
    Feature record: CXX_FEATURE:1cxx_delegating_constructors
    Feature record: CXX_FEATURE:1cxx_deleted_functions
    Feature record: CXX_FEATURE:0cxx_digit_separators
    Feature record: CXX_FEATURE:1cxx_enum_forward_declarations
    Feature record: CXX_FEATURE:1cxx_explicit_conversions
    Feature record: CXX_FEATURE:1cxx_extended_friend_declarations
    Feature record: CXX_FEATURE:1cxx_extern_templates
    Feature record: CXX_FEATURE:1cxx_final
    Feature record: CXX_FEATURE:1cxx_func_identifier
    Feature record: CXX_FEATURE:1cxx_generalized_initializers
    Feature record: CXX_FEATURE:0cxx_generic_lambdas
    Feature record: CXX_FEATURE:1cxx_inheriting_constructors
    Feature record: CXX_FEATURE:1cxx_inline_namespaces
    Feature record: CXX_FEATURE:1cxx_lambdas
    Feature record: CXX_FEATURE:0cxx_lambda_init_captures
    Feature record: CXX_FEATURE:1cxx_local_type_template_args
    Feature record: CXX_FEATURE:1cxx_long_long_type
    Feature record: CXX_FEATURE:1cxx_noexcept
    Feature record: CXX_FEATURE:1cxx_nonstatic_member_init
    Feature record: CXX_FEATURE:1cxx_nullptr
    Feature record: CXX_FEATURE:1cxx_override
    Feature record: CXX_FEATURE:1cxx_range_for
    Feature record: CXX_FEATURE:1cxx_raw_string_literals
    Feature record: CXX_FEATURE:1cxx_reference_qualified_functions
    Feature record: CXX_FEATURE:0cxx_relaxed_constexpr
    Feature record: CXX_FEATURE:0cxx_return_type_deduction
    Feature record: CXX_FEATURE:1cxx_right_angle_brackets
    Feature record: CXX_FEATURE:1cxx_rvalue_references
    Feature record: CXX_FEATURE:1cxx_sizeof_member
    Feature record: CXX_FEATURE:1cxx_static_assert
    Feature record: CXX_FEATURE:1cxx_strong_enums
    Feature record: CXX_FEATURE:1cxx_template_template_parameters
    Feature record: CXX_FEATURE:1cxx_thread_local
    Feature record: CXX_FEATURE:1cxx_trailing_return_types
    Feature record: CXX_FEATURE:1cxx_unicode_literals
    Feature record: CXX_FEATURE:1cxx_uniform_initialization
    Feature record: CXX_FEATURE:1cxx_unrestricted_unions
    Feature record: CXX_FEATURE:1cxx_user_literals
    Feature record: CXX_FEATURE:0cxx_variable_templates
    Feature record: CXX_FEATURE:1cxx_variadic_macros
    Feature record: CXX_FEATURE:1cxx_variadic_templates


Detecting CXX [-std=c++98] compiler features compiled with the following output:
Change Dir: /Users/isabella/Desktop/MOOCS/UCSD_CSE124/project/cse-proj2/dependencies/src/rpclib/build/CMakeFiles/CMakeTmp

Run Build Command:"/usr/local/bin/gmake" "cmTC_669d9/fast"
/usr/local/bin/gmake -f CMakeFiles/cmTC_669d9.dir/build.make CMakeFiles/cmTC_669d9.dir/build
gmake[1]: Entering directory '/Users/isabella/Desktop/MOOCS/UCSD_CSE124/project/cse-proj2/dependencies/src/rpclib/build/CMakeFiles/CMakeTmp'
Building CXX object CMakeFiles/cmTC_669d9.dir/feature_tests.cxx.o
/Library/Developer/CommandLineTools/usr/bin/c++    -std=c++98 -o CMakeFiles/cmTC_669d9.dir/feature_tests.cxx.o -c /Users/isabella/Desktop/MOOCS/UCSD_CSE124/project/cse-proj2/dependencies/src/rpclib/build/CMakeFiles/feature_tests.cxx
Linking CXX executable cmTC_669d9
/usr/local/Cellar/cmake/3.12.3/bin/cmake -E cmake_link_script CMakeFiles/cmTC_669d9.dir/link.txt --verbose=1
/Library/Developer/CommandLineTools/usr/bin/c++    -Wl,-search_paths_first -Wl,-headerpad_max_install_names   CMakeFiles/cmTC_669d9.dir/feature_tests.cxx.o  -o cmTC_669d9 
gmake[1]: Leaving directory '/Users/isabella/Desktop/MOOCS/UCSD_CSE124/project/cse-proj2/dependencies/src/rpclib/build/CMakeFiles/CMakeTmp'


    Feature record: CXX_FEATURE:0cxx_aggregate_default_initializers
    Feature record: CXX_FEATURE:0cxx_alias_templates
    Feature record: CXX_FEATURE:0cxx_alignas
    Feature record: CXX_FEATURE:0cxx_alignof
    Feature record: CXX_FEATURE:0cxx_attributes
    Feature record: CXX_FEATURE:0cxx_attribute_deprecated
    Feature record: CXX_FEATURE:0cxx_auto_type
    Feature record: CXX_FEATURE:0cxx_binary_literals
    Feature record: CXX_FEATURE:0cxx_constexpr
    Feature record: CXX_FEATURE:0cxx_contextual_conversions
    Feature record: CXX_FEATURE:0cxx_decltype
    Feature record: CXX_FEATURE:0cxx_decltype_auto
    Feature record: CXX_FEATURE:0cxx_decltype_incomplete_return_types
    Feature record: CXX_FEATURE:0cxx_default_function_template_args
    Feature record: CXX_FEATURE:0cxx_defaulted_functions
    Feature record: CXX_FEATURE:0cxx_defaulted_move_initializers
    Feature record: CXX_FEATURE:0cxx_delegating_constructors
    Feature record: CXX_FEATURE:0cxx_deleted_functions
    Feature record: CXX_FEATURE:0cxx_digit_separators
    Feature record: CXX_FEATURE:0cxx_enum_forward_declarations
    Feature record: CXX_FEATURE:0cxx_explicit_conversions
    Feature record: CXX_FEATURE:0cxx_extended_friend_declarations
    Feature record: CXX_FEATURE:0cxx_extern_templates
    Feature record: CXX_FEATURE:0cxx_final
    Feature record: CXX_FEATURE:0cxx_func_identifier
    Feature record: CXX_FEATURE:0cxx_generalized_initializers
    Feature record: CXX_FEATURE:0cxx_generic_lambdas
    Feature record: CXX_FEATURE:0cxx_inheriting_constructors
    Feature record: CXX_FEATURE:0cxx_inline_namespaces
    Feature record: CXX_FEATURE:0cxx_lambdas
    Feature record: CXX_FEATURE:0cxx_lambda_init_captures
    Feature record: CXX_FEATURE:0cxx_local_type_template_args
    Feature record: CXX_FEATURE:0cxx_long_long_type
    Feature record: CXX_FEATURE:0cxx_noexcept
    Feature record: CXX_FEATURE:0cxx_nonstatic_member_init
    Feature record: CXX_FEATURE:0cxx_nullptr
    Feature record: CXX_FEATURE:0cxx_override
    Feature record: CXX_FEATURE:0cxx_range_for
    Feature record: CXX_FEATURE:0cxx_raw_string_literals
    Feature record: CXX_FEATURE:0cxx_reference_qualified_functions
    Feature record: CXX_FEATURE:0cxx_relaxed_constexpr
    Feature record: CXX_FEATURE:0cxx_return_type_deduction
    Feature record: CXX_FEATURE:0cxx_right_angle_brackets
    Feature record: CXX_FEATURE:0cxx_rvalue_references
    Feature record: CXX_FEATURE:0cxx_sizeof_member
    Feature record: CXX_FEATURE:0cxx_static_assert
    Feature record: CXX_FEATURE:0cxx_strong_enums
    Feature record: CXX_FEATURE:1cxx_template_template_parameters
    Feature record: CXX_FEATURE:0cxx_thread_local
    Feature record: CXX_FEATURE:0cxx_trailing_return_types
    Feature record: CXX_FEATURE:0cxx_unicode_literals
    Feature record: CXX_FEATURE:0cxx_uniform_initialization
    Feature record: CXX_FEATURE:0cxx_unrestricted_unions
    Feature record: CXX_FEATURE:0cxx_user_literals
    Feature record: CXX_FEATURE:0cxx_variable_templates
    Feature record: CXX_FEATURE:0cxx_variadic_macros
    Feature record: CXX_FEATURE:0cxx_variadic_templates
Performing C++ SOURCE FILE Test UNUSED_LAMBDA_CAPTURE_WARN_SUPPORTED succeeded with the following output:
Change Dir: /Users/isabella/Desktop/MOOCS/UCSD_CSE124/project/cse-proj2/dependencies/src/rpclib/build/CMakeFiles/CMakeTmp

Run Build Command:"/usr/local/bin/gmake" "cmTC_5a7db/fast"
/usr/local/bin/gmake -f CMakeFiles/cmTC_5a7db.dir/build.make CMakeFiles/cmTC_5a7db.dir/build
gmake[1]: Entering directory '/Users/isabella/Desktop/MOOCS/UCSD_CSE124/project/cse-proj2/dependencies/src/rpclib/build/CMakeFiles/CMakeTmp'
Building CXX object CMakeFiles/cmTC_5a7db.dir/src.cxx.o
/Library/Developer/CommandLineTools/usr/bin/c++    -DUNUSED_LAMBDA_CAPTURE_WARN_SUPPORTED -Werror -Wno-unused-lambda-capture   -std=gnu++11 -o CMakeFiles/cmTC_5a7db.dir/src.cxx.o -c /Users/isabella/Desktop/MOOCS/UCSD_CSE124/project/cse-proj2/dependencies/src/rpclib/build/CMakeFiles/CMakeTmp/src.cxx
Linking CXX executable cmTC_5a7db
/usr/local/Cellar/cmake/3.12.3/bin/cmake -E cmake_link_script CMakeFiles/cmTC_5a7db.dir/link.txt --verbose=1
/Library/Developer/CommandLineTools/usr/bin/c++   -DUNUSED_LAMBDA_CAPTURE_WARN_SUPPORTED -Werror -Wno-unused-lambda-capture -Wl,-search_paths_first -Wl,-headerpad_max_install_names   CMakeFiles/cmTC_5a7db.dir/src.cxx.o  -o cmTC_5a7db 
gmake[1]: Leaving directory '/Users/isabella/Desktop/MOOCS/UCSD_CSE124/project/cse-proj2/dependencies/src/rpclib/build/CMakeFiles/CMakeTmp'

Source file was:
int main() {}
Performing C++ SOURCE FILE Test ZERO_AS_NULL_POINTER_CONSTANT_WARN_SUPPORTED succeeded with the following output:
Change Dir: /Users/isabella/Desktop/MOOCS/UCSD_CSE124/project/cse-proj2/dependencies/src/rpclib/build/CMakeFiles/CMakeTmp

Run Build Command:"/usr/local/bin/gmake" "cmTC_42a11/fast"
/usr/local/bin/gmake -f CMakeFiles/cmTC_42a11.dir/build.make CMakeFiles/cmTC_42a11.dir/build
gmake[1]: Entering directory '/Users/isabella/Desktop/MOOCS/UCSD_CSE124/project/cse-proj2/dependencies/src/rpclib/build/CMakeFiles/CMakeTmp'
Building CXX object CMakeFiles/cmTC_42a11.dir/src.cxx.o
/Library/Developer/CommandLineTools/usr/bin/c++    -DZERO_AS_NULL_POINTER_CONSTANT_WARN_SUPPORTED -Werror -Wno-zero-as-null-pointer-constant   -std=gnu++11 -o CMakeFiles/cmTC_42a11.dir/src.cxx.o -c /Users/isabella/Desktop/MOOCS/UCSD_CSE124/project/cse-proj2/dependencies/src/rpclib/build/CMakeFiles/CMakeTmp/src.cxx
Linking CXX executable cmTC_42a11
/usr/local/Cellar/cmake/3.12.3/bin/cmake -E cmake_link_script CMakeFiles/cmTC_42a11.dir/link.txt --verbose=1
/Library/Developer/CommandLineTools/usr/bin/c++   -DZERO_AS_NULL_POINTER_CONSTANT_WARN_SUPPORTED -Werror -Wno-zero-as-null-pointer-constant -Wl,-search_paths_first -Wl,-headerpad_max_install_names   CMakeFiles/cmTC_42a11.dir/src.cxx.o  -o cmTC_42a11 
gmake[1]: Leaving directory '/Users/isabella/Desktop/MOOCS/UCSD_CSE124/project/cse-proj2/dependencies/src/rpclib/build/CMakeFiles/CMakeTmp'

Source file was:
int main() {}
